# JRE version: OpenJDK Runtime Environment (7.0_91-b02) (build 1.7.0_91-b02)
# Java VM: OpenJDK 64-Bit Server VM (24.91-b01 mixed mode linux-amd64 compressed oops)
Heap
 PSYoungGen      total 261632K, used 7104K [0x00000007d7000000, 0x00000007e7800000, 0x0000000800000000)
  eden space 253440K, 0% used [0x00000007d7000000,0x00000007d7000000,0x00000007e6780000)
  from space 8192K, 86% used [0x00000007e6780000,0x00000007e6e70000,0x00000007e6f80000)
  to   space 7680K, 0% used [0x00000007e6f80000,0x00000007e6f80000,0x00000007e7700000)
 ParOldGen       total 83968K, used 6138K [0x0000000785000000, 0x000000078a200000, 0x00000007d7000000)
  object space 83968K, 7% used [0x0000000785000000,0x00000007855fe868,0x000000078a200000)
 PSPermGen       total 21504K, used 16143K [0x000000077aa00000, 0x000000077bf00000, 0x0000000785000000)
  object space 21504K, 75% used [0x000000077aa00000,0x000000077b9c3cf0,0x000000077bf00000)
GC Heap History (10 events):
Event: 0.900 GC heap after
Heap after GC invocations=2 (full 0):
 PSYoungGen      total 68608K, used 4575K [0x00000007d7000000, 0x00000007db800000, 0x0000000800000000)
  eden space 63488K, 0% used [0x00000007d7000000,0x00000007d7000000,0x00000007dae00000)
  from space 5120K, 89% used [0x00000007db300000,0x00000007db777e18,0x00000007db800000)
  to   space 5120K, 0% used [0x00000007dae00000,0x00000007dae00000,0x00000007db300000)
 ParOldGen       total 83968K, used 145K [0x0000000785000000, 0x000000078a200000, 0x00000007d7000000)
  object space 83968K, 0% used [0x0000000785000000,0x00000007850247b8,0x000000078a200000)
 PSPermGen       total 21504K, used 11368K [0x000000077aa00000, 0x000000077bf00000, 0x0000000785000000)
  object space 21504K, 52% used [0x000000077aa00000,0x000000077b51a030,0x000000077bf00000)
}
Event: 1.337 GC heap before
{Heap before GC invocations=3 (full 0):
 PSYoungGen      total 68608K, used 68063K [0x00000007d7000000, 0x00000007db800000, 0x0000000800000000)
  eden space 63488K, 100% used [0x00000007d7000000,0x00000007dae00000,0x00000007dae00000)
  from space 5120K, 89% used [0x00000007db300000,0x00000007db777e18,0x00000007db800000)
  to   space 5120K, 0% used [0x00000007dae00000,0x00000007dae00000,0x00000007db300000)
 ParOldGen       total 83968K, used 145K [0x0000000785000000, 0x000000078a200000, 0x00000007d7000000)
  object space 83968K, 0% used [0x0000000785000000,0x00000007850247b8,0x000000078a200000)
 PSPermGen       total 21504K, used 14655K [0x000000077aa00000, 0x000000077bf00000, 0x0000000785000000)
  object space 21504K, 68% used [0x000000077aa00000,0x000000077b84fd40,0x000000077bf00000)
Event: 1.351 GC heap after
Heap after GC invocations=3 (full 0):
 PSYoungGen      total 68608K, used 5089K [0x00000007d7000000, 0x00000007df600000, 0x0000000800000000)
  eden space 63488K, 0% used [0x00000007d7000000,0x00000007d7000000,0x00000007dae00000)
  from space 5120K, 99% used [0x00000007dae00000,0x00000007db2f8448,0x00000007db300000)
  to   space 5120K, 0% used [0x00000007df100000,0x00000007df100000,0x00000007df600000)
 ParOldGen       total 83968K, used 1224K [0x0000000785000000, 0x000000078a200000, 0x00000007d7000000)
  object space 83968K, 1% used [0x0000000785000000,0x00000007851320d0,0x000000078a200000)
 PSPermGen       total 21504K, used 14655K [0x000000077aa00000, 0x000000077bf00000, 0x0000000785000000)
  object space 21504K, 68% used [0x000000077aa00000,0x000000077b84fd40,0x000000077bf00000)
}
Event: 1.503 GC heap before
{Heap before GC invocations=4 (full 0):
 PSYoungGen      total 68608K, used 68577K [0x00000007d7000000, 0x00000007df600000, 0x0000000800000000)
  eden space 63488K, 100% used [0x00000007d7000000,0x00000007dae00000,0x00000007dae00000)
  from space 5120K, 99% used [0x00000007dae00000,0x00000007db2f8448,0x00000007db300000)
  to   space 5120K, 0% used [0x00000007df100000,0x00000007df100000,0x00000007df600000)
 ParOldGen       total 83968K, used 1224K [0x0000000785000000, 0x000000078a200000, 0x00000007d7000000)
  object space 83968K, 1% used [0x0000000785000000,0x00000007851320d0,0x000000078a200000)
 PSPermGen       total 21504K, used 15451K [0x000000077aa00000, 0x000000077bf00000, 0x0000000785000000)
  object space 21504K, 71% used [0x000000077aa00000,0x000000077b916e78,0x000000077bf00000)
Event: 1.519 GC heap after
Heap after GC invocations=4 (full 0):
 PSYoungGen      total 132096K, used 5104K [0x00000007d7000000, 0x00000007df600000, 0x0000000800000000)
  eden space 126976K, 0% used [0x00000007d7000000,0x00000007d7000000,0x00000007dec00000)
  from space 5120K, 99% used [0x00000007df100000,0x00000007df5fc010,0x00000007df600000)
  to   space 5120K, 0% used [0x00000007dec00000,0x00000007dec00000,0x00000007df100000)
 ParOldGen       total 83968K, used 1513K [0x0000000785000000, 0x000000078a200000, 0x00000007d7000000)
  object space 83968K, 1% used [0x0000000785000000,0x000000078517a448,0x000000078a200000)
 PSPermGen       total 21504K, used 15451K [0x000000077aa00000, 0x000000077bf00000, 0x0000000785000000)
  object space 21504K, 71% used [0x000000077aa00000,0x000000077b916e78,0x000000077bf00000)
}
Event: 1.783 GC heap before
{Heap before GC invocations=5 (full 0):
 PSYoungGen      total 132096K, used 132080K [0x00000007d7000000, 0x00000007df600000, 0x0000000800000000)
  eden space 126976K, 100% used [0x00000007d7000000,0x00000007dec00000,0x00000007dec00000)
  from space 5120K, 99% used [0x00000007df100000,0x00000007df5fc010,0x00000007df600000)
  to   space 5120K, 0% used [0x00000007dec00000,0x00000007dec00000,0x00000007df100000)
 ParOldGen       total 83968K, used 1513K [0x0000000785000000, 0x000000078a200000, 0x00000007d7000000)
  object space 83968K, 1% used [0x0000000785000000,0x000000078517a448,0x000000078a200000)
 PSPermGen       total 21504K, used 15800K [0x000000077aa00000, 0x000000077bf00000, 0x0000000785000000)
  object space 21504K, 73% used [0x000000077aa00000,0x000000077b96e288,0x000000077bf00000)
Event: 1.806 GC heap after
Heap after GC invocations=5 (full 0):
 PSYoungGen      total 132096K, used 5109K [0x00000007d7000000, 0x00000007e7700000, 0x0000000800000000)
  eden space 126976K, 0% used [0x00000007d7000000,0x00000007d7000000,0x00000007dec00000)
  from space 5120K, 99% used [0x00000007dec00000,0x00000007df0fd710,0x00000007df100000)
  to   space 7680K, 0% used [0x00000007e6f80000,0x00000007e6f80000,0x00000007e7700000)
 ParOldGen       total 83968K, used 3601K [0x0000000785000000, 0x000000078a200000, 0x00000007d7000000)
  object space 83968K, 4% used [0x0000000785000000,0x00000007853846a0,0x000000078a200000)
 PSPermGen       total 21504K, used 15800K [0x000000077aa00000, 0x000000077bf00000, 0x0000000785000000)
  object space 21504K, 73% used [0x000000077aa00000,0x000000077b96e288,0x000000077bf00000)
}
Event: 1.891 GC heap before
{Heap before GC invocations=6 (full 0):
 PSYoungGen      total 132096K, used 132085K [0x00000007d7000000, 0x00000007e7700000, 0x0000000800000000)
  eden space 126976K, 100% used [0x00000007d7000000,0x00000007dec00000,0x00000007dec00000)
  from space 5120K, 99% used [0x00000007dec00000,0x00000007df0fd710,0x00000007df100000)
  to   space 7680K, 0% used [0x00000007e6f80000,0x00000007e6f80000,0x00000007e7700000)
 ParOldGen       total 83968K, used 3601K [0x0000000785000000, 0x000000078a200000, 0x00000007d7000000)
  object space 83968K, 4% used [0x0000000785000000,0x00000007853846a0,0x000000078a200000)
 PSPermGen       total 21504K, used 16114K [0x000000077aa00000, 0x000000077bf00000, 0x0000000785000000)
  object space 21504K, 74% used [0x000000077aa00000,0x000000077b9bc8c8,0x000000077bf00000)
Event: 1.921 GC heap after
Heap after GC invocations=6 (full 0):
 PSYoungGen      total 261120K, used 7141K [0x00000007d7000000, 0x00000007e7800000, 0x0000000800000000)
  eden space 253440K, 0% used [0x00000007d7000000,0x00000007d7000000,0x00000007e6780000)
  from space 7680K, 92% used [0x00000007e6f80000,0x00000007e7679740,0x00000007e7700000)
  to   space 8192K, 0% used [0x00000007e6780000,0x00000007e6780000,0x00000007e6f80000)
 ParOldGen       total 83968K, used 3601K [0x0000000785000000, 0x000000078a200000, 0x00000007d7000000)
  object space 83968K, 4% used [0x0000000785000000,0x00000007853846a0,0x000000078a200000)
 PSPermGen       total 21504K, used 16114K [0x000000077aa00000, 0x000000077bf00000, 0x0000000785000000)
  object space 21504K, 74% used [0x000000077aa00000,0x000000077b9bc8c8,0x000000077bf00000)
}
Event: 2.382 GC heap before
{Heap before GC invocations=7 (full 0):
 PSYoungGen      total 261120K, used 260581K [0x00000007d7000000, 0x00000007e7800000, 0x0000000800000000)
  eden space 253440K, 100% used [0x00000007d7000000,0x00000007e6780000,0x00000007e6780000)
  from space 7680K, 92% used [0x00000007e6f80000,0x00000007e7679740,0x00000007e7700000)
  to   space 8192K, 0% used [0x00000007e6780000,0x00000007e6780000,0x00000007e6f80000)
 ParOldGen       total 83968K, used 3601K [0x0000000785000000, 0x000000078a200000, 0x00000007d7000000)
  object space 83968K, 4% used [0x0000000785000000,0x00000007853846a0,0x000000078a200000)
 PSPermGen       total 21504K, used 16143K [0x000000077aa00000, 0x000000077bf00000, 0x0000000785000000)
  object space 21504K, 75% used [0x000000077aa00000,0x000000077b9c3cf0,0x000000077bf00000)

